This is pdfTeX, Version 3.1415926-1.40.10 (TeX Live 2009/Debian) (format=pdflatex 2012.10.28)  5 JAN 2013 19:08
entering extended mode
 %&-line parsing enabled.
**praca.tex
(./praca.tex
LaTeX2e <2009/09/24>
Babel <v3.8l> and hyphenation patterns for english, usenglishmax, dumylang, noh
yphenation, farsi, arabic, croatian, bulgarian, ukrainian, russian, czech, slov
ak, danish, dutch, finnish, french, basque, ngerman, german, german-x-2009-06-1
9, ngerman-x-2009-06-19, ibycus, monogreek, greek, ancientgreek, hungarian, san
skrit, italian, latin, latvian, lithuanian, mongolian2a, mongolian, bokmal, nyn
orsk, romanian, irish, coptic, serbian, turkish, welsh, esperanto, uppersorbian
, estonian, indonesian, interlingua, icelandic, kurmanji, slovenian, polish, po
rtuguese, spanish, galician, catalan, swedish, ukenglish, pinyin, loaded.
(./aghdpl.cls *** [aghdpl.cls] --- (MSz, GJN) v0.22 <05.04.2011> ***
Document Class: aghdpl 
(/usr/share/texmf-texlive/tex/latex/base/report.cls
Document Class: report 2007/10/19 v1.4h Standard LaTeX document class
(/usr/share/texmf-texlive/tex/latex/base/size11.clo
File: size11.clo 2007/10/19 v1.4h Standard LaTeX file (size option)
)
\c@part=\count79
\c@chapter=\count80
\c@section=\count81
\c@subsection=\count82
\c@subsubsection=\count83
\c@paragraph=\count84
\c@subparagraph=\count85
\c@figure=\count86
\c@table=\count87
\abovecaptionskip=\skip41
\belowcaptionskip=\skip42
\bibindent=\dimen102
)
(/usr/share/texmf-texlive/tex/latex/psnfss/times.sty
Package: times 2005/04/12 PSNFSS-v9.2a (SPQR) 
)
(/usr/share/texmf-texlive/tex/latex/base/fontenc.sty
Package: fontenc 2005/09/27 v1.99g Standard LaTeX package

(/usr/share/texmf-texlive/tex/latex/base/t1enc.def
File: t1enc.def 2005/09/27 v1.99g Standard LaTeX file
LaTeX Font Info:    Redeclaring font encoding T1 on input line 43.
))
(/usr/share/texmf-texlive/tex/latex/graphics/graphicx.sty
Package: graphicx 1999/02/16 v1.0f Enhanced LaTeX Graphics (DPC,SPQR)

(/usr/share/texmf-texlive/tex/latex/graphics/keyval.sty
Package: keyval 1999/03/16 v1.13 key=value parser (DPC)
\KV@toks@=\toks14
)
(/usr/share/texmf-texlive/tex/latex/graphics/graphics.sty
Package: graphics 2009/02/05 v1.0o Standard LaTeX Graphics (DPC,SPQR)

(/usr/share/texmf-texlive/tex/latex/graphics/trig.sty
Package: trig 1999/03/16 v1.09 sin cos tan (DPC)
)
(/etc/texmf/tex/latex/config/graphics.cfg
File: graphics.cfg 2009/08/28 v1.8 graphics configuration of TeX Live
)
Package graphics Info: Driver file: pdftex.def on input line 91.

(/usr/share/texmf-texlive/tex/latex/pdftex-def/pdftex.def
File: pdftex.def 2009/08/25 v0.04m Graphics/color for pdfTeX
\Gread@gobject=\count88
))
\Gin@req@height=\dimen103
\Gin@req@width=\dimen104
)
(/usr/share/texmf-texlive/tex/latex/geometry/geometry.sty
Package: geometry 2008/12/21 v4.2 Page Geometry

(/usr/share/texmf-texlive/tex/generic/oberdiek/ifpdf.sty
Package: ifpdf 2009/04/10 v2.0 Provides the ifpdf switch (HO)
Package ifpdf Info: pdfTeX in pdf mode detected.
)
(/usr/share/texmf-texlive/tex/generic/oberdiek/ifvtex.sty
Package: ifvtex 2008/11/04 v1.4 Switches for detecting VTeX and its modes (HO)
Package ifvtex Info: VTeX not detected.
)
\Gm@cnth=\count89
\Gm@cntv=\count90
\c@Gm@tempcnt=\count91
\Gm@bindingoffset=\dimen105
\Gm@wd@mp=\dimen106
\Gm@odd@mp=\dimen107
\Gm@even@mp=\dimen108
\Gm@dimlist=\toks15

(/usr/share/texmf-texlive/tex/xelatex/xetexconfig/geometry.cfg))
(/usr/share/texmf-texlive/tex/latex/graphics/color.sty
Package: color 2005/11/14 v1.0j Standard LaTeX Color (DPC)

(/etc/texmf/tex/latex/config/color.cfg
File: color.cfg 2007/01/18 v1.5 color configuration of teTeX/TeXLive
)
Package color Info: Driver file: pdftex.def on input line 130.
)
(/usr/share/texmf-texlive/tex/latex/fancyhdr/fancyhdr.sty
\fancy@headwidth=\skip43
\f@ncyO@elh=\skip44
\f@ncyO@erh=\skip45
\f@ncyO@olh=\skip46
\f@ncyO@orh=\skip47
\f@ncyO@elf=\skip48
\f@ncyO@erf=\skip49
\f@ncyO@olf=\skip50
\f@ncyO@orf=\skip51
)
(/usr/share/texmf-texlive/tex/latex/ltxmisc/url.sty
\Urlmuskip=\muskip10
Package: url 2006/04/12  ver 3.3  Verb mode for urls, etc.
)
(/usr/share/texmf-texlive/tex/latex/titlesec/titlesec.sty
Package: titlesec 2007/08/12 v2.8 Sectioning titles
\ttl@box=\box26
\beforetitleunit=\skip52
\aftertitleunit=\skip53
\ttl@plus=\dimen109
\ttl@minus=\dimen110
\ttl@toksa=\toks16
\titlewidth=\dimen111
\titlewidthlast=\dimen112
\titlewidthfirst=\dimen113
)
(/usr/share/texmf-texlive/tex/latex/tocloft/tocloft.sty
Package: tocloft 2009/09/04 v2.3d parameterised ToC, etc., typesetting


Package tocloft Note: The document has chapter divisions.

\cftparskip=\skip54
\cftbeforetoctitleskip=\skip55
\cftaftertoctitleskip=\skip56
\cftbeforepartskip=\skip57
\cftpartnumwidth=\skip58
\cftpartindent=\skip59
\cftbeforechapskip=\skip60
\cftchapindent=\skip61
\cftchapnumwidth=\skip62
\cftbeforesecskip=\skip63
\cftsecindent=\skip64
\cftsecnumwidth=\skip65
\cftbeforesubsecskip=\skip66
\cftsubsecindent=\skip67
\cftsubsecnumwidth=\skip68
\cftbeforesubsubsecskip=\skip69
\cftsubsubsecindent=\skip70
\cftsubsubsecnumwidth=\skip71
\cftbeforeparaskip=\skip72
\cftparaindent=\skip73
\cftparanumwidth=\skip74
\cftbeforesubparaskip=\skip75
\cftsubparaindent=\skip76
\cftsubparanumwidth=\skip77
\cftbeforeloftitleskip=\skip78
\cftafterloftitleskip=\skip79
\cftbeforefigskip=\skip80
\cftfigindent=\skip81
\cftfignumwidth=\skip82
\c@lofdepth=\count92
\c@lotdepth=\count93
\cftbeforelottitleskip=\skip83
\cftafterlottitleskip=\skip84
\cftbeforetabskip=\skip85
\cfttabindent=\skip86
\cfttabnumwidth=\skip87
) (/usr/share/texmf-texlive/tex/latex/titlesec/block.tss
File: block.tss 2007/08/12
))
(/var/lib/texmf/tex/generic/babel/babel.sty
Package: babel 2008/07/06 v3.8l The Babel package

(/usr/share/texmf-texlive/tex/generic/babel/polish.ldf
Language: polish 2005/03/31 v1.2l Polish support from the babel system

(/usr/share/texmf-texlive/tex/generic/babel/babel.def
File: babel.def 2008/07/06 v3.8l Babel common definitions
\babel@savecnt=\count94
\U@D=\dimen114
)
Package babel Info: Making " an active character on input line 83.
\pl@left=\dimen115
\pl@down=\dimen116
\pl@right=\dimen117
\pl@temp=\dimen118
))
(/usr/share/texmf-texlive/tex/latex/base/inputenc.sty
Package: inputenc 2008/03/30 v1.1d Input encoding file
\inpenc@prehook=\toks17
\inpenc@posthook=\toks18

(/usr/share/texmf-texlive/tex/latex/base/utf8.def
File: utf8.def 2008/04/05 v1.1m UTF-8 support for inputenc
Now handling font encoding OML ...
... no UTF-8 mapping file for font encoding OML
Now handling font encoding T1 ...
... processing UTF-8 mapping file for font encoding T1

(/usr/share/texmf-texlive/tex/latex/base/t1enc.dfu
File: t1enc.dfu 2008/04/05 v1.1m UTF-8 support for inputenc
   defining Unicode char U+00A1 (decimal 161)
   defining Unicode char U+00A3 (decimal 163)
   defining Unicode char U+00AB (decimal 171)
   defining Unicode char U+00BB (decimal 187)
   defining Unicode char U+00BF (decimal 191)
   defining Unicode char U+00C0 (decimal 192)
   defining Unicode char U+00C1 (decimal 193)
   defining Unicode char U+00C2 (decimal 194)
   defining Unicode char U+00C3 (decimal 195)
   defining Unicode char U+00C4 (decimal 196)
   defining Unicode char U+00C5 (decimal 197)
   defining Unicode char U+00C6 (decimal 198)
   defining Unicode char U+00C7 (decimal 199)
   defining Unicode char U+00C8 (decimal 200)
   defining Unicode char U+00C9 (decimal 201)
   defining Unicode char U+00CA (decimal 202)
   defining Unicode char U+00CB (decimal 203)
   defining Unicode char U+00CC (decimal 204)
   defining Unicode char U+00CD (decimal 205)
   defining Unicode char U+00CE (decimal 206)
   defining Unicode char U+00CF (decimal 207)
   defining Unicode char U+00D0 (decimal 208)
   defining Unicode char U+00D1 (decimal 209)
   defining Unicode char U+00D2 (decimal 210)
   defining Unicode char U+00D3 (decimal 211)
   defining Unicode char U+00D4 (decimal 212)
   defining Unicode char U+00D5 (decimal 213)
   defining Unicode char U+00D6 (decimal 214)
   defining Unicode char U+00D8 (decimal 216)
   defining Unicode char U+00D9 (decimal 217)
   defining Unicode char U+00DA (decimal 218)
   defining Unicode char U+00DB (decimal 219)
   defining Unicode char U+00DC (decimal 220)
   defining Unicode char U+00DD (decimal 221)
   defining Unicode char U+00DE (decimal 222)
   defining Unicode char U+00DF (decimal 223)
   defining Unicode char U+00E0 (decimal 224)
   defining Unicode char U+00E1 (decimal 225)
   defining Unicode char U+00E2 (decimal 226)
   defining Unicode char U+00E3 (decimal 227)
   defining Unicode char U+00E4 (decimal 228)
   defining Unicode char U+00E5 (decimal 229)
   defining Unicode char U+00E6 (decimal 230)
   defining Unicode char U+00E7 (decimal 231)
   defining Unicode char U+00E8 (decimal 232)
   defining Unicode char U+00E9 (decimal 233)
   defining Unicode char U+00EA (decimal 234)
   defining Unicode char U+00EB (decimal 235)
   defining Unicode char U+00EC (decimal 236)
   defining Unicode char U+00ED (decimal 237)
   defining Unicode char U+00EE (decimal 238)
   defining Unicode char U+00EF (decimal 239)
   defining Unicode char U+00F0 (decimal 240)
   defining Unicode char U+00F1 (decimal 241)
   defining Unicode char U+00F2 (decimal 242)
   defining Unicode char U+00F3 (decimal 243)
   defining Unicode char U+00F4 (decimal 244)
   defining Unicode char U+00F5 (decimal 245)
   defining Unicode char U+00F6 (decimal 246)
   defining Unicode char U+00F8 (decimal 248)
   defining Unicode char U+00F9 (decimal 249)
   defining Unicode char U+00FA (decimal 250)
   defining Unicode char U+00FB (decimal 251)
   defining Unicode char U+00FC (decimal 252)
   defining Unicode char U+00FD (decimal 253)
   defining Unicode char U+00FE (decimal 254)
   defining Unicode char U+00FF (decimal 255)
   defining Unicode char U+0102 (decimal 258)
   defining Unicode char U+0103 (decimal 259)
   defining Unicode char U+0104 (decimal 260)
   defining Unicode char U+0105 (decimal 261)
   defining Unicode char U+0106 (decimal 262)
   defining Unicode char U+0107 (decimal 263)
   defining Unicode char U+010C (decimal 268)
   defining Unicode char U+010D (decimal 269)
   defining Unicode char U+010E (decimal 270)
   defining Unicode char U+010F (decimal 271)
   defining Unicode char U+0110 (decimal 272)
   defining Unicode char U+0111 (decimal 273)
   defining Unicode char U+0118 (decimal 280)
   defining Unicode char U+0119 (decimal 281)
   defining Unicode char U+011A (decimal 282)
   defining Unicode char U+011B (decimal 283)
   defining Unicode char U+011E (decimal 286)
   defining Unicode char U+011F (decimal 287)
   defining Unicode char U+0130 (decimal 304)
   defining Unicode char U+0131 (decimal 305)
   defining Unicode char U+0132 (decimal 306)
   defining Unicode char U+0133 (decimal 307)
   defining Unicode char U+0139 (decimal 313)
   defining Unicode char U+013A (decimal 314)
   defining Unicode char U+013D (decimal 317)
   defining Unicode char U+013E (decimal 318)
   defining Unicode char U+0141 (decimal 321)
   defining Unicode char U+0142 (decimal 322)
   defining Unicode char U+0143 (decimal 323)
   defining Unicode char U+0144 (decimal 324)
   defining Unicode char U+0147 (decimal 327)
   defining Unicode char U+0148 (decimal 328)
   defining Unicode char U+014A (decimal 330)
   defining Unicode char U+014B (decimal 331)
   defining Unicode char U+0150 (decimal 336)
   defining Unicode char U+0151 (decimal 337)
   defining Unicode char U+0152 (decimal 338)
   defining Unicode char U+0153 (decimal 339)
   defining Unicode char U+0154 (decimal 340)
   defining Unicode char U+0155 (decimal 341)
   defining Unicode char U+0158 (decimal 344)
   defining Unicode char U+0159 (decimal 345)
   defining Unicode char U+015A (decimal 346)
   defining Unicode char U+015B (decimal 347)
   defining Unicode char U+015E (decimal 350)
   defining Unicode char U+015F (decimal 351)
   defining Unicode char U+0160 (decimal 352)
   defining Unicode char U+0161 (decimal 353)
   defining Unicode char U+0162 (decimal 354)
   defining Unicode char U+0163 (decimal 355)
   defining Unicode char U+0164 (decimal 356)
   defining Unicode char U+0165 (decimal 357)
   defining Unicode char U+016E (decimal 366)
   defining Unicode char U+016F (decimal 367)
   defining Unicode char U+0170 (decimal 368)
   defining Unicode char U+0171 (decimal 369)
   defining Unicode char U+0178 (decimal 376)
   defining Unicode char U+0179 (decimal 377)
   defining Unicode char U+017A (decimal 378)
   defining Unicode char U+017B (decimal 379)
   defining Unicode char U+017C (decimal 380)
   defining Unicode char U+017D (decimal 381)
   defining Unicode char U+017E (decimal 382)
   defining Unicode char U+200C (decimal 8204)
   defining Unicode char U+2013 (decimal 8211)
   defining Unicode char U+2014 (decimal 8212)
   defining Unicode char U+2018 (decimal 8216)
   defining Unicode char U+2019 (decimal 8217)
   defining Unicode char U+201A (decimal 8218)
   defining Unicode char U+201C (decimal 8220)
   defining Unicode char U+201D (decimal 8221)
   defining Unicode char U+201E (decimal 8222)
   defining Unicode char U+2030 (decimal 8240)
   defining Unicode char U+2031 (decimal 8241)
   defining Unicode char U+2039 (decimal 8249)
   defining Unicode char U+203A (decimal 8250)
   defining Unicode char U+2423 (decimal 9251)
)
Now handling font encoding OT1 ...
... processing UTF-8 mapping file for font encoding OT1

(/usr/share/texmf-texlive/tex/latex/base/ot1enc.dfu
File: ot1enc.dfu 2008/04/05 v1.1m UTF-8 support for inputenc
   defining Unicode char U+00A1 (decimal 161)
   defining Unicode char U+00A3 (decimal 163)
   defining Unicode char U+00B8 (decimal 184)
   defining Unicode char U+00BF (decimal 191)
   defining Unicode char U+00C5 (decimal 197)
   defining Unicode char U+00C6 (decimal 198)
   defining Unicode char U+00D8 (decimal 216)
   defining Unicode char U+00DF (decimal 223)
   defining Unicode char U+00E6 (decimal 230)
   defining Unicode char U+00EC (decimal 236)
   defining Unicode char U+00ED (decimal 237)
   defining Unicode char U+00EE (decimal 238)
   defining Unicode char U+00EF (decimal 239)
   defining Unicode char U+00F8 (decimal 248)
   defining Unicode char U+0131 (decimal 305)
   defining Unicode char U+0141 (decimal 321)
   defining Unicode char U+0142 (decimal 322)
   defining Unicode char U+0152 (decimal 338)
   defining Unicode char U+0153 (decimal 339)
   defining Unicode char U+2013 (decimal 8211)
   defining Unicode char U+2014 (decimal 8212)
   defining Unicode char U+2018 (decimal 8216)
   defining Unicode char U+2019 (decimal 8217)
   defining Unicode char U+201C (decimal 8220)
   defining Unicode char U+201D (decimal 8221)
)
Now handling font encoding OMS ...
... processing UTF-8 mapping file for font encoding OMS

(/usr/share/texmf-texlive/tex/latex/base/omsenc.dfu
File: omsenc.dfu 2008/04/05 v1.1m UTF-8 support for inputenc
   defining Unicode char U+00A7 (decimal 167)
   defining Unicode char U+00B6 (decimal 182)
   defining Unicode char U+00B7 (decimal 183)
   defining Unicode char U+2020 (decimal 8224)
   defining Unicode char U+2021 (decimal 8225)
   defining Unicode char U+2022 (decimal 8226)
)
Now handling font encoding OMX ...
... no UTF-8 mapping file for font encoding OMX
Now handling font encoding U ...
... no UTF-8 mapping file for font encoding U
   defining Unicode char U+00A9 (decimal 169)
   defining Unicode char U+00AA (decimal 170)
   defining Unicode char U+00AE (decimal 174)
   defining Unicode char U+00BA (decimal 186)
   defining Unicode char U+02C6 (decimal 710)
   defining Unicode char U+02DC (decimal 732)
   defining Unicode char U+200C (decimal 8204)
   defining Unicode char U+2026 (decimal 8230)
   defining Unicode char U+2122 (decimal 8482)
   defining Unicode char U+2423 (decimal 9251)
))
(/usr/share/texmf-texlive/tex/latex/tools/enumerate.sty
Package: enumerate 1999/03/05 v3.00 enumerate extensions (DPC)
\@enLab=\toks19
)
(/usr/share/texmf-texlive/tex/latex/enumitem/enumitem.sty
Package: enumitem 2009/05/18 v2.2 Customized lists
\enit@toks=\toks20
\labelindent=\skip88
\enit@outerparindent=\dimen119
\enitdp@desc=\count95
)
(/usr/share/texmf-texlive/tex/latex/listings/listings.sty
\lst@mode=\count96
\lst@gtempboxa=\box27
\lst@token=\toks21
\lst@length=\count97
\lst@currlwidth=\dimen120
\lst@column=\count98
\lst@pos=\count99
\lst@lostspace=\dimen121
\lst@width=\dimen122
\lst@newlines=\count100
\lst@lineno=\count101
\lst@maxwidth=\dimen123

(/usr/share/texmf-texlive/tex/latex/listings/lstmisc.sty
File: lstmisc.sty 2007/02/22 1.4 (Carsten Heinz)
\c@lstnumber=\count102
\lst@skipnumbers=\count103
\lst@framebox=\box28
)
(/usr/share/texmf-texlive/tex/latex/listings/listings.cfg
File: listings.cfg 2007/02/22 1.4 listings configuration
))
Package: listings 2007/02/22 1.4 (Carsten Heinz)
 (./algorithm2e.sty
Package: algorithm2e 2008/00/00 v3.10 algorithms environments
\c@AlgoLine=\count104

(/usr/share/texmf-texlive/tex/latex/base/ifthen.sty
Package: ifthen 2001/05/26 v1.1c Standard LaTeX ifthen package (DPC)
)
(/usr/share/texmf-texlive/tex/latex/tools/xspace.sty
Package: xspace 2006/05/08 v1.12 Space after command names (DPC,MH)
)
(/usr/share/texmf-texlive/tex/latex/ltxmisc/relsize.sty
Package: relsize 2003/07/04 ver 3.1
)
********************************************************
Package `algorithm2e' Release 4.01 -- december 14 2009 --
- algorithm2e-announce@lirmm.fr mailing list for announcement about releases
- algorithm2e-discussion@lirmm.fr mailing list for discussion about package
subscribe by emailing sympa@lirmm.fr with 'subscribe <list> <firstname name>'
- Author: Christophe Fiorio (fiorio@lirmm.fr)
********************************************************
\skiptotal=\skip89
\skiplinenumber=\skip90
\skiprule=\skip91
\skiphlne=\skip92
\skiptext=\skip93
\skiplength=\skip94
\algomargin=\skip95
\skipalgocfslide=\skip96
\algowidth=\dimen124
\inoutsize=\dimen125
\inoutline=\dimen126
\interspacetitleruled=\dimen127
\interspacealgoruled=\dimen128
\interspacetitleboxruled=\dimen129
\algocf@inoutbox=\box29
\algocf@inputbox=\box30
\AlCapSkip=\skip97
\AlCapHSkip=\skip98
\algocf@nlbox=\box31
\algocf@hangingbox=\box32
\algocf@capbox=\box33
\algoheightruledefault=\skip99
\algoheightrule=\skip100
\algotitleheightruledefault=\skip101
\algotitleheightrule=\skip102
\c@algocfline=\count105
\c@algocfproc=\count106
\c@algocf=\count107
\algocf@algoframe=\box34
\algocf@algobox=\box35
) (/usr/share/texmf-texlive/tex/latex/tools/longtable.sty
Package: longtable 2004/02/01 v4.11 Multi-page Table package (DPC)
\LTleft=\skip103
\LTright=\skip104
\LTpre=\skip105
\LTpost=\skip106
\LTchunksize=\count108
\LTcapwidth=\dimen130
\LT@head=\box36
\LT@firsthead=\box37
\LT@foot=\box38
\LT@lastfoot=\box39
\LT@cols=\count109
\LT@rows=\count110
\c@LT@tables=\count111
\c@LT@chunks=\count112
\LT@p@ftn=\toks22
)
(/usr/share/texmf-texlive/tex/latex/tools/bm.sty
Package: bm 2004/02/26 v1.1c Bold Symbol Support (DPC/FMi)
\symboldoperators=\mathgroup4
\symboldletters=\mathgroup5
\symboldsymbols=\mathgroup6
LaTeX Font Info:    Redeclaring math alphabet \mathbf on input line 138.
LaTeX Info: Redefining \bm on input line 204.
)
(/usr/share/texmf-texlive/tex/latex/amsmath/amsmath.sty
Package: amsmath 2000/07/18 v2.13 AMS math features
\@mathmargin=\skip107

For additional information on amsmath, use the `?' option.
(/usr/share/texmf-texlive/tex/latex/amsmath/amstext.sty
Package: amstext 2000/06/29 v2.01

(/usr/share/texmf-texlive/tex/latex/amsmath/amsgen.sty
File: amsgen.sty 1999/11/30 v2.0
\@emptytoks=\toks23
\ex@=\dimen131
))
(/usr/share/texmf-texlive/tex/latex/amsmath/amsbsy.sty
Package: amsbsy 1999/11/29 v1.2d
LaTeX Info: Redefining \boldsymbol on input line 54.
\pmbraise@=\dimen132
)
(/usr/share/texmf-texlive/tex/latex/amsmath/amsopn.sty
Package: amsopn 1999/12/14 v2.01 operator names
)
\inf@bad=\count113
LaTeX Info: Redefining \frac on input line 211.
\uproot@=\count114
\leftroot@=\count115
LaTeX Info: Redefining \overline on input line 307.
\classnum@=\count116
\DOTSCASE@=\count117
LaTeX Info: Redefining \ldots on input line 379.
LaTeX Info: Redefining \dots on input line 382.
LaTeX Info: Redefining \cdots on input line 467.
\Mathstrutbox@=\box40
\strutbox@=\box41
\big@size=\dimen133
LaTeX Font Info:    Redeclaring font encoding OML on input line 567.
LaTeX Font Info:    Redeclaring font encoding OMS on input line 568.
\macc@depth=\count118
\c@MaxMatrixCols=\count119
\dotsspace@=\muskip11
\c@parentequation=\count120
\dspbrk@lvl=\count121
\tag@help=\toks24
\row@=\count122
\column@=\count123
\maxfields@=\count124
\andhelp@=\toks25
\eqnshift@=\dimen134
\alignsep@=\dimen135
\tagshift@=\dimen136
\tagwidth@=\dimen137
\totwidth@=\dimen138
\lineht@=\dimen139
\@envbody=\toks26
\multlinegap=\skip108
\multlinetaggap=\skip109
\mathdisplay@stack=\toks27
LaTeX Info: Redefining \[ on input line 2666.
LaTeX Info: Redefining \] on input line 2667.
)
(/usr/share/texmf-texlive/tex/latex/listings/lstlang1.sty
File: lstlang1.sty 2004/09/05 1.3 listings language file
)
(/usr/share/texmf-texlive/tex/latex/listings/lstlang2.sty
File: lstlang2.sty 2004/09/05 1.3 listings language file
)
(/usr/share/texmf-texlive/tex/latex/listings/lstlang3.sty
File: lstlang3.sty 2004/09/05 1.3 listings language file
)

LaTeX Warning: Unused global option(s):
    [pdflatex,11pt].

(./praca.aux (./rozdzial1.aux) (./rozdzial2.aux) (./rozdzial3.aux)
(./rozdzial4.aux) (./rozdzial5.aux) (./rozdzial6.aux))
\openout1 = `praca.aux'.

LaTeX Font Info:    Checking defaults for OML/cmm/m/it on input line 71.
LaTeX Font Info:    ... okay on input line 71.
LaTeX Font Info:    Checking defaults for T1/cmr/m/n on input line 71.
LaTeX Font Info:    ... okay on input line 71.
LaTeX Font Info:    Checking defaults for OT1/cmr/m/n on input line 71.
LaTeX Font Info:    ... okay on input line 71.
LaTeX Font Info:    Checking defaults for OMS/cmsy/m/n on input line 71.
LaTeX Font Info:    ... okay on input line 71.
LaTeX Font Info:    Checking defaults for OMX/cmex/m/n on input line 71.
LaTeX Font Info:    ... okay on input line 71.
LaTeX Font Info:    Checking defaults for U/cmr/m/n on input line 71.
LaTeX Font Info:    ... okay on input line 71.
LaTeX Font Info:    Try loading font information for T1+ptm on input line 71.

(/usr/share/texmf-texlive/tex/latex/psnfss/t1ptm.fd
File: t1ptm.fd 2001/06/04 font definitions for T1/ptm.
)
(/usr/share/texmf/tex/context/base/supp-pdf.mkii
[Loading MPS to PDF converter (version 2006.09.02).]
\scratchcounter=\count125
\scratchdimen=\dimen140
\scratchbox=\box42
\nofMPsegments=\count126
\nofMParguments=\count127
\everyMPshowfont=\toks28
\MPscratchCnt=\count128
\MPscratchDim=\dimen141
\MPnumerator=\count129
\everyMPtoPDFconversion=\toks29
)
*geometry auto-detecting driver*
*geometry detected driver: pdftex*
-------------------- Geometry parameters
paper: class default
landscape: --
twocolumn: --
twoside: --
asymmetric: --
h-parts: 85.35826pt, 455.24411pt, 56.9055pt
v-parts: 71.13188pt, 702.78308pt, 71.13188pt
hmarginratio: --
vmarginratio: --
lines: --
heightrounded: --
bindingoffset: 0.0pt
truedimen: --
includehead: --
includefoot: --
includemp: --
driver: pdftex
-------------------- Page layout dimensions and switches
\paperwidth  597.50787pt
\paperheight 845.04684pt
\textwidth  455.24411pt
\textheight 702.78308pt
\oddsidemargin  13.08827pt
\evensidemargin 13.08827pt
\topmargin  -54.59085pt
\headheight 28.45274pt
\headsep    25.0pt
\footskip   28.45274pt
\marginparwidth 50.0pt
\marginparsep   10.0pt
\columnsep  10.0pt
\skip\footins  10.0pt plus 4.0pt minus 2.0pt
\hoffset 0.0pt
\voffset 0.0pt
\mag 1000

(1in=72.27pt, 1cm=28.45pt)
-----------------------
\c@lstlisting=\count130
LaTeX Font Info:    Try loading font information for T1+phv on input line 73.
(/usr/share/texmf-texlive/tex/latex/psnfss/t1phv.fd
File: t1phv.fd 2001/06/04 scalable font definitions for T1/phv.
)
LaTeX Font Info:    Font shape `T1/phv/bx/n' in size <14.4> not available
(Font)              Font shape `T1/phv/b/n' tried instead on input line 73.
LaTeX Font Info:    Font shape `T1/phv/bx/sc' in size <14.4> not available
(Font)              Font shape `T1/phv/b/sc' tried instead on input line 73.

<agh.jpg, id=1, 146.4672pt x 284.7438pt>
File: agh.jpg Graphic file (type jpg)
 <use agh.jpg>
LaTeX Font Info:    Font shape `T1/ptm/bx/n' in size <17.28> not available
(Font)              Font shape `T1/ptm/b/n' tried instead on input line 73.
LaTeX Font Info:    Font shape `T1/ptm/bx/sc' in size <17.28> not available
(Font)              Font shape `T1/ptm/b/sc' tried instead on input line 73.
 [1

{/var/lib/texmf/fonts/map/pdftex/updmap/pdftex.map} <./agh.jpg>]
LaTeX Font Info:    Font shape `T1/ptm/bx/sc' in size <12> not available
(Font)              Font shape `T1/ptm/b/sc' tried instead on input line 73.

Underfull \hbox (badness 10000) in paragraph at lines 73--73

 []

[1

]
File: agh.jpg Graphic file (type jpg)
 <use agh.jpg> [1

] [1

]
LaTeX Font Info:    Font shape `T1/ptm/bx/n' in size <10.95> not available
(Font)              Font shape `T1/ptm/b/n' tried instead on input line 75.
LaTeX Font Info:    Font shape `T1/ptm/bx/n' in size <14.4> not available
(Font)              Font shape `T1/ptm/b/n' tried instead on input line 75.
 (./praca.toc [5

] [6])
\tf@toc=\write3
\openout3 = `praca.toc'.

 [7]
\openout2 = `rozdzial1.aux'.

 (./rozdzial1.tex
Rozdzia\l  1.
[8



]
Underfull \hbox (badness 10000) in paragraph at lines 48--49

 []

[9] [10]) [11]
\openout2 = `rozdzial2.aux'.

 (./rozdzial2.tex
Rozdzia\l  2.
LaTeX Font Info:    Font shape `T1/ptm/bx/n' in size <12> not available
(Font)              Font shape `T1/ptm/b/n' tried instead on input line 10.

Underfull \vbox (badness 3281) has occurred while \output is active []

 [12



]
Underfull \vbox (badness 10000) has occurred while \output is active []

 [13]
Underfull \vbox (badness 5578) has occurred while \output is active []

 [14]
[15]) [16]
\openout2 = `rozdzial3.aux'.

 (./rozdzial3.tex
Rozdzia\l  3.

LaTeX Warning: Citation `GitHub_Sauce' on page 17 undefined on input line 11.

<ch3_inria.png, id=63, 480.79625pt x 160.6pt>
File: ch3_inria.png Graphic file (type png)
 <use ch3_inria.png>

LaTeX Warning: Citation `Pascal_Challenge' on page 17 undefined on input line 2
9.

[17



]
Underfull \hbox (badness 10000) in paragraph at lines 38--39

 []

[18 <./ch3_inria.png>] <ch3_svm.png, id=76, 374.39874pt x 253.94875pt>
File: ch3_svm.png Graphic file (type png)

<use ch3_svm.png> [19 <./ch3_svm.png (PNG copy)>]
<ch3_sobel.png, id=84, 846.16125pt x 240.9pt>
File: ch3_sobel.png Graphic file (type png)
 <use ch3_sobel.png> [20 <./ch3_sobel.png>] <ch3_fp.png, id=89, 576.1525pt x 12
8.48pt>
File: ch3_fp.png Graphic file (type png)
 <use ch3_fp.png> [21 <./ch3_fp.png>] <ch3_scales.png, id=94, 1606.0pt x 401.5p
t>
File: ch3_scales.png Graphic file (type png)
 <use ch3_scales.png>
[22]
Underfull \hbox (badness 10000) in paragraph at lines 192--195

 []

<ch3_redundant.png, id=98, 1039.885pt x 401.5pt>
File: ch3_redundant.png Graphic file (type png)
 <use ch3_redundant.png>
[23 <./ch3_scales.png (PNG copy)>]
<ch4_pascal.png, id=102, 956.57375pt x 831.105pt>
File: ch4_pascal.png Graphic file (type png)
 <use ch4_pascal.png>
Overfull \hbox (142.63072pt too wide) in paragraph at lines 265--267
[][][][][][][][][][][][][][][][][][][][][][][][][][][][][][][][][][][][][][][][
][][][] 
 []

[24 <./ch3_redundant.png>]
Overfull \hbox (142.63072pt too wide) in paragraph at lines 272--274
[][][][][][][][][][][][][][][][][][][][][][][][][][][][][][][][][][][][][][][][
][][][] 
 []


Overfull \hbox (142.63072pt too wide) in paragraph at lines 279--280
[][][][][][][][][][][][][][][][][][][][][][][][][][][][][][][][][][][][][][][][
][][][] 
 []

[25 <./ch4_pascal.png (PNG copy)>]
<ch4_dets.png, id=111, 662.475pt x 451.6875pt>
File: ch4_dets.png Graphic file (type png)
 <use ch4_dets.png>
Underfull \vbox (badness 10000) has occurred while \output is active []

 [26 <./ch4_dets.png (PNG copy)>] [27]
Underfull \hbox (badness 10000) in paragraph at lines 378--378
[]|\T1/ptm/m/n/10.95 Generacja ne-ga-tyw-nego
 []


Underfull \hbox (badness 10000) in paragraph at lines 378--379
\T1/ptm/m/n/10.95 (nie-za-wie-ra-j¡-cych syl-we-tek
 []


Underfull \hbox (badness 6510) in paragraph at lines 379--380
[]|\T1/ptm/m/n/10.95 Negatywne ka-dry tre-nin-gowe
 []


Underfull \hbox (badness 2495) in paragraph at lines 383--384
[]|\T1/ptm/m/n/10.95 Pozytywny zbiór ka-drów tre-
 []


Underfull \hbox (badness 10000) in paragraph at lines 395--396
[]|\T1/ptm/m/n/10.95 Macierz cech po-zy-tyw-nych
 []


Underfull \hbox (badness 1881) in paragraph at lines 395--396
\T1/ptm/m/n/10.95 1, ma-cierz cech ne-ga-tyw-nych
 []


Underfull \hbox (badness 10000) in paragraph at lines 398--398
[]|\T1/ptm/m/n/10.95 Walidacja krzy-»owa
 []


Underfull \hbox (badness 2503) in paragraph at lines 398--400
[]|\T1/ptm/m/n/10.95 Struktura wy-tre-no-wa-nego kla-
 []


Underfull \hbox (badness 2547) in paragraph at lines 401--402
[]|\T1/ptm/m/n/10.95 Skuteczno±¢ dzia-ªa-nia me-tody
 []


Underfull \hbox (badness 10000) in paragraph at lines 404--404
[]|\T1/ptm/m/n/10.95 Znalezienie faª-szy-wych
 []


Underfull \hbox (badness 10000) in paragraph at lines 404--404
\T1/ptm/m/n/10.95 po-zy-tyw-nych wska-za«
 []


Underfull \hbox (badness 6510) in paragraph at lines 405--406
[]|\T1/ptm/m/n/10.95 Negatywne ka-dry tre-nin-gowe
 []


Underfull \hbox (badness 6094) in paragraph at lines 405--406
\T1/ptm/m/n/10.95 64x128, które pierw-szy kla-
 []


Underfull \hbox (badness 10000) in paragraph at lines 405--406
\T1/ptm/m/n/10.95 sy-fi-ka-tor za-kla-sy-fi-ko-waª jako
 []


Underfull \hbox (badness 1852) in paragraph at lines 412--415
[]|\T1/ptm/m/n/10.95 Macierz de-skryp-tora ne-ga-tyw-
 []


Underfull \hbox (badness 1314) in paragraph at lines 412--415
\T1/ptm/m/n/10.95 szy), ma-cierz de-skryp-tora faª-
 []


Underfull \hbox (badness 3312) in paragraph at lines 412--415
\T1/ptm/m/n/10.95 (wyj-±cie z 7, za-wie-ra-j¡ca m
 []


Underfull \hbox (badness 4505) in paragraph at lines 415--416
[]|\T1/ptm/m/n/10.95 Wspólna ma-cierz za-wie-ra-j¡ca
 []


Underfull \hbox (badness 5548) in paragraph at lines 415--416
\T1/ptm/m/n/10.95 1221+m wier-szy, w ka»-dym
 []


Underfull \hbox (badness 10000) in paragraph at lines 418--418
[]|\T1/ptm/m/n/10.95 Trening kla-sy-fi-ka-tora
 []


Underfull \hbox (badness 10000) in paragraph at lines 419--420
[]|\T1/ptm/m/n/10.95 Macierz cech po-zy-tyw-nych
 []


Underfull \hbox (badness 10000) in paragraph at lines 419--420
\T1/ptm/m/n/10.95 1, ma-cierz cech ne-ga-tyw-
 []


Underfull \hbox (badness 10000) in paragraph at lines 423--423
[]|\T1/ptm/m/n/10.95 Walidacja krzy-»owa
 []


Underfull \hbox (badness 2547) in paragraph at lines 425--427
[]|\T1/ptm/m/n/10.95 Skuteczno±¢ dzia-ªa-nia me-tody
 []


Underfull \hbox (badness 1496) in paragraph at lines 429--429
[]|\T1/ptm/m/n/10.95 Detekcja syl-we-tek ludz-
 []


Underfull \hbox (badness 1648) in paragraph at lines 429--429
\T1/ptm/m/n/10.95 kich na ob-ra-zach te-sto-
 []


Underfull \hbox (badness 3989) in paragraph at lines 429--430
[]|\T1/ptm/m/n/10.95 Zestaw (629) ob-ra-zów te-sto-
 []


Underfull \hbox (badness 3514) in paragraph at lines 429--430
\T1/ptm/m/n/10.95 wych z syl-wet-kami ludz-kimi
 []


Underfull \hbox (badness 3954) in paragraph at lines 430--432
[]|\T1/ptm/m/n/10.95 Rozkªad DET (liczba faª-szy-
 []


Underfull \hbox (badness 2608) in paragraph at lines 430--432
\T1/ptm/m/n/10.95 stop-nia cel-no-±ci) dla me-tody,
 []


Overfull \hbox (5.99739pt too wide) in alignment at lines 373--435
 [] [] [] [] 
 []

[28]) [29]
\openout2 = `rozdzial4.aux'.

 (./rozdzial4.tex
Rozdzia\l  4.
[30



] <hog_fps.png, id=127, 321.2pt x 128.48pt>
File: hog_fps.png Graphic file (type png)
 <use hog_fps.png>
Underfull \hbox (badness 1454) in paragraph at lines 71--71
[]|\T1/ptm/m/n/10.95 Liczba zna-le-zio-nych po-zy-tyw-
 []


Underfull \vbox (badness 2150) has occurred while \output is active []

 [31]
[32 <./hog_fps.png>] <hog_det.png, id=136, 642.4pt x 481.8pt>
File: hog_det.png Graphic file (type png)

<use hog_det.png>
Underfull \hbox (badness 2189) in paragraph at lines 124--124
[]|\T1/ptm/m/n/10.95 Generacja faª-szy-wie po-zy-tyw-
 []

[33

 <./hog_det.png (PNG copy)>] [34]
Underfull \vbox (badness 10000) detected at line 188
 []

[35

] <cov_fps.png, id=147, 321.2pt x 128.48pt>
File: cov_fps.png Graphic file (type png)
 <use cov_fps.png>
Underfull \hbox (badness 1454) in paragraph at lines 209--209
[]|\T1/ptm/m/n/10.95 Liczba zna-le-zio-nych po-zy-tyw-
 []


Underfull \vbox (badness 10000) detected at line 211
 []

[36 <./cov_fps.png>]
Underfull \vbox (badness 10000) has occurred while \output is active []

 [37]
<cov_det.png, id=156, 642.4pt x 481.8pt>
File: cov_det.png Graphic file (type png)
 <use cov_det.png>
Underfull \hbox (badness 2189) in paragraph at lines 261--261
[]|\T1/ptm/m/n/10.95 Generacja faª-szy-wie po-zy-tyw-
 []

[38 <./cov_det.png (PNG copy)>] [39]
Underfull \vbox (badness 10000) has occurred while \output is active []

 [40

]
<lbp_fps.png, id=167, 321.2pt x 128.48pt>
File: lbp_fps.png Graphic file (type png)
 <use lbp_fps.png>
Underfull \vbox (badness 10000) detected at line 353
 []

[41] <lbp_det.png, id=171, 642.4pt x 481.8pt>
File: lbp_det.png Graphic file (type png)
 <use lbp_det.png>
Underfull \vbox (badness 10000) has occurred while \output is active []

 [42]
Underfull \hbox (badness 2189) in paragraph at lines 403--403
[]|\T1/ptm/m/n/10.95 Generacja faª-szy-wie po-zy-tyw-
 []


Overfull \vbox (10.54591pt too high) has occurred while \output is active []


[43 <./lbp_fps.png>] [44 <./lbp_det.png (PNG copy)>]
Underfull \vbox (badness 10000) has occurred while \output is active []

 [45

]
[46] <joint_det.png, id=190, 642.4pt x 481.8pt>
File: joint_det.png Graphic file (type png)
 <use joint_det.png>) [47 <./joint_det.png (PNG copy)>]
\openout2 = `rozdzial5.aux'.

 (./rozdzial5.tex
Rozdzia\l  5.

Underfull \vbox (badness 10000) detected at line 28
 []

[48



]
Underfull \vbox (badness 10000) detected at line 47
 []


Underfull \vbox (badness 10000) has occurred while \output is active []

 [49]
<covlbp_det.png, id=202, 642.4pt x 481.8pt>
File: covlbp_det.png Graphic file (type png)
 <use covlbp_det.png>
Underfull \hbox (badness 2189) in paragraph at lines 74--74
[]|\T1/ptm/m/n/10.95 Generacja faª-szy-wie po-zy-tyw-
 []


Underfull \vbox (badness 10000) detected at line 78
 []

[50 <./covlbp_det.png (PNG copy)>]
Underfull \vbox (badness 10000) detected at line 105
 []

[51]
Underfull \vbox (badness 10000) detected at line 124
 []

<hoglbp_det.png, id=210, 642.4pt x 481.8pt>
File: hoglbp_det.png Graphic file (type png)
 <use hoglbp_det.png>
Underfull \vbox (badness 5592) has occurred while \output is active []

 [52]
Underfull \hbox (badness 2189) in paragraph at lines 151--151
[]|\T1/ptm/m/n/10.95 Generacja faª-szy-wie po-zy-tyw-
 []


Underfull \vbox (badness 10000) detected at line 155
 []

[53 <./hoglbp_det.png (PNG copy)>]) [54]
\openout2 = `rozdzial6.aux'.

 (./rozdzial6.tex
Rozdzia\l  6.
) [55



] (./praca.bbl [56


]) [57] (./praca.aux (./rozdzial1.aux) (./rozdzial2.aux) (./rozdzial3.aux) (./r
ozdzial4.aux) (./rozdzial5.aux) (./rozdzial6.aux))

LaTeX Warning: There were undefined references.

 ) 
Here is how much of TeX's memory you used:
 7107 strings out of 493848
 89773 string characters out of 1152822
 219474 words of memory out of 3000000
 10182 multiletter control sequences out of 15000+50000
 93899 words of font info for 83 fonts, out of 3000000 for 9000
 714 hyphenation exceptions out of 8191
 35i,20n,45p,1046b,1730s stack positions out of 5000i,500n,10000p,200000b,50000s
{/usr/share/texmf-texlive/fonts/enc/dvips/base/8r.enc}</usr/share/texmf-texli
ve/fonts/type1/public/amsfonts/cm/cmex10.pfb></usr/share/texmf-texlive/fonts/ty
pe1/public/amsfonts/cm/cmmi10.pfb></usr/share/texmf-texlive/fonts/type1/public/
amsfonts/cm/cmmi6.pfb></usr/share/texmf-texlive/fonts/type1/public/amsfonts/cm/
cmmi8.pfb></usr/share/texmf-texlive/fonts/type1/public/amsfonts/cm/cmmib10.pfb>
</usr/share/texmf-texlive/fonts/type1/public/amsfonts/cmextra/cmmib8.pfb></usr/
share/texmf-texlive/fonts/type1/public/amsfonts/cm/cmr10.pfb></usr/share/texmf-
texlive/fonts/type1/public/amsfonts/cm/cmr6.pfb></usr/share/texmf-texlive/fonts
/type1/public/amsfonts/cm/cmr8.pfb></usr/share/texmf-texlive/fonts/type1/public
/amsfonts/cm/cmsy10.pfb></usr/share/texmf-texlive/fonts/type1/public/amsfonts/c
m/cmsy8.pfb></usr/share/texmf-texlive/fonts/type1/urw/helvetic/uhvb8a.pfb></usr
/share/texmf-texlive/fonts/type1/urw/helvetic/uhvr8a.pfb></usr/share/texmf-texl
ive/fonts/type1/urw/times/utmb8a.pfb></usr/share/texmf-texlive/fonts/type1/urw/
times/utmr8a.pfb></usr/share/texmf-texlive/fonts/type1/urw/times/utmr8a.pfb></u
sr/share/texmf-texlive/fonts/type1/urw/times/utmri8a.pfb>
Output written on praca.pdf (57 pages, 4127698 bytes).
PDF statistics:
 287 PDF objects out of 1000 (max. 8388607)
 0 named destinations out of 1000 (max. 500000)
 91 words of extra memory for PDF output out of 10000 (max. 10000000)

